572163

36522 Enter ecall_ERR_clear_error
147481 Enter ecall_SSL_CTX_get_client_CA_list
2305 Enter ecall_SSLeay_version
63295 Enter ecall_SSL_CTX_set_info_callback
11107 Enter ecall_BN_is_bit_set
10847 Enter ecall_SSL_CIPHER_get_name
11205 Enter ecall_SSL_CTX_sess_set_get_cb
16780 Enter ecall_CRYPTO_set_dynlock_create_callback
16572 Enter ecall_SSLv23_client_method
15665 Enter ecall_SSL_CTX_set_default_passwd_cb
6491 Enter ecall_SSL_CTX_free
32642 Enter ecall_ENGINE_load_builtin_engines
50320 Enter ecall_d2i_SSL_SESSION
28424 Enter ecall_EVP_PKEY_free
53656 Enter ecall_X509_check_private_key
37148 Enter ecall_X509_NAME_delete_entry
187751 Enter ecall_X509_set_version
5165 Enter ecall_ssl3_get_cipher_name_by_char
4178 Enter ecall_sk_pop_free
4158 Enter ecall_X509_get_ext_d2i
14788 Enter ecall_EC_KEY_free
249701 Enter ecall_SSL_CTX_get_ex_new_index
211621 Enter ecall_SSL_CTX_sess_set_remove_cb
1377 Enter ecall_BN_clear_bit
2333 Enter ecall_ERR_free_strings
76114 Enter ecall_SSL_CTX_get_verify_callback
19646 Enter ecall_SSL_CTX_check_private_key
16730 Enter ecall_X509_get_ex_new_index
16417 Enter ecall_CONF_modules_unload
53627 Enter ecall_OBJ_txt2nid
32439 Enter ecall_X509_get_ext
55983 Enter ecall_BN_bin2bn
1595 Enter ecall_SSL_CTX_set_verify
8296 Enter ecall_SSL_CTX_use_PrivateKey
31086 Enter ecall_SSL_get_error
20768 Enter ecall_X509_set_ex_data
21135 Enter ecall_EVP_PKEY_type
6271 Enter ecall_X509_sign
22677 Enter ecall_EVP_DigestFinal_ex
37445 Enter ecall_BASIC_CONSTRAINTS_free
26370 Enter ecall_X509_NAME_get_text_by_NID
19822 Enter ecall_SSL_write
21718 Enter ecall_ERR_load_crypto_strings
11987 Enter ecall_BIO_free
5236 Enter ecall_SSL_load_error_strings
6147 Enter ecall_X509_get_notAfter
3527 Enter ecall_X509_set_notAfter
2439 Enter ecall_EVP_cleanup
16650 Enter ecall_DH_free
31399 Enter ecall_SSL_CTX_set_session_id_context
13006 Enter ecall_CRYPTO_add_lock
11043 Enter ecall_CRYPTO_set_locking_callback
11733 Enter ecall_X509_get_subject_name
11254 Enter ecall_X509_NAME_oneline
29695 Enter ecall_EC_KEY_new_by_curve_name
20926 Enter ecall_SSL_state_string_long
2698 Enter ecall_SSL_CTX_set_timeout
856 Enter ecall_PEM_read_bio_X509
846 Enter ecall_EVP_MD_type
760 Enter ecall_sk_new_null
903 Enter ecall_EVP_DigestInit_ex
865 Enter ecall_SSL_CTX_get_ex_data
17573 Enter ecall_OBJ_obj2nid
1415 Enter ecall_OBJ_sn2nid
4990 Enter ecall_BIO_new_file
2754 Enter ecall_X509_pubkey_digest
1686 Enter ecall_EVP_PKEY_bits
2665 Enter ecall_X509_NAME_ENTRY_get_data
1881 Enter ecall_OBJ_create
4761 Enter ecall_X509_new
1430 Enter ecall_BN_set_word
1407 Enter ecall_SSLv23_server_method
3086 Enter ecall_EVP_MD_CTX_create
1061 Enter ecall_ERR_remove_state
879 Enter ecall_SSL_CTX_set_next_protos_advertised_cb
9 Enter ecall_SSL_get_servername
2670 Enter ecall_ERR_peek_last_error
1026 Enter ecall_ASN1_INTEGER_to_BN
2034 Enter ecall_BN_new
857 Enter ecall_SSL_library_init
3823 Enter ecall_OPENSSL_add_all_algorithms_noconf
786 Enter ecall_tls_processing_module_init
791 Enter ecall_SSL_CTX_set_verify_depth
866 Enter ecall_ERR_peek_error
3037 Enter ecall_DH_new
896 Enter ecall_SSL_CTX_set_cipher_list
878 Enter ecall_SSL_CTX_set_cert_verify_callback
873 Enter ecall_MD5_Init
1692 Enter ecall_CRYPTO_set_dynlock_destroy_callback
1056 Enter ecall_SSL_CTX_set_ex_data
2333 Enter ecall_BIO_ctrl
672 Enter ecall_SSL_get_ex_new_index
1490 Enter ecall_X509_NAME_get_index_by_NID
1724 Enter ecall_SSL_CTX_get_verify_mode
16 Enter ecall_SSL_get_wbio
949 Enter ecall_BIO_new
839 Enter ecall_SSL_CTX_set_next_proto_select_cb
2734 Enter ecall_OPENSSL_load_builtin_modules
2609 Enter ecall_ERR_peek_error_line_data
12 Enter ecall_SSL_CTX_use_certificate
18 Enter ecall_SSL_ctrl
737 Enter ecall_X509_get_serialNumber
989 Enter ecall_CRYPTO_set_id_callback
2796 Enter ecall_ERR_get_error
9 Enter ecall_SSL_CTX_use_certificate_file
1327 Enter ecall_SSL_CTX_get_cert_store
721 Enter ecall_PEM_read_bio_DHparams
842 Enter ecall_SSL_get_version_as_int
15 Enter ecall_ENGINE_get_name
138 Enter ecall_X509_BC_get_pathlen
929 Enter ecall_BIO_s_file
29 Enter ecall_EVP_DigestUpdate
880 Enter ecall_SSL_SESSION_get_id
426 Enter ecall_SSL_CTX_sess_set_new_cb
51 Enter ecall_BN_is_zero
17 Enter ecall_SSL_set_connect_state
8 Enter ecall_SSL_set_shutdown
870 Enter ecall_ENGINE_get_id
240 Enter ecall_X509_NAME_add_entry_by_NID
24 Enter ecall_EC_GROUP_free
1122 Enter ecall_SSL_CTX_get_timeout
10 Enter ecall_SSL_set_accept_state
21 Enter ecall_X509_add_ext
1024 Enter ecall_X509_get_notBefore
18 Enter ecall_X509_check_issued
4 Enter ecall_SSL_set_verify
18 Enter ecall_SSL_connect
10 Enter ecall_SSL_CTX_callback_ctrl
15 Enter ecall_ERR_error_string
49 Enter ecall_BN_num_bits
18 Enter ecall_SSL_CTX_set_tmp_rsa_callback
26 Enter ecall_BIO_int_ctrl
4 Enter ecall_OBJ_nid2sn
79 Enter ecall_SSL_set_quiet_shutdown
59 Enter ecall_SSL_read
54 Enter ecall_BN_dup
11 Enter ecall_SSL_SESSION_set_timeout
15 Enter ecall_SSL_get_SSL_CTX
18 Enter ecall_SSL_CIPHER_description
24 Enter ecall_SSL_use_PrivateKey
1042 Enter ecall_CRYPTO_set_dynlock_lock_callback
1198 Enter ecall_SSLv23_method
24 Enter ecall_MD5_Update
12 Enter ecall_SSL_get_shutdown
8 Enter ecall_EVP_sha1
10 Enter ecall_SSL_CTX_use_certificate_chain_file
11 Enter ecall_SSL_shutdown
108 Enter ecall_GENERAL_NAME_free
9 Enter ecall_SSL_get_verify_mode
14 Enter ecall_SSL_set_session_id_context
11 Enter ecall_SSL_CTX_new
10 Enter ecall_SSL_set_alpn_protos
22 Enter ecall_X509_alias_get0
44 Enter ecall_BN_dec2bn
9 Enter ecall_BN_free
16 Enter ecall_sk_num
10 Enter ecall_SSL_select_next_proto
17 Enter ecall_SSL_get_rbio
18 Enter ecall_SSL_get_peer_certificate
9 Enter ecall_SSL_new
15 Enter ecall_EVP_get_digestbyname
7 Enter ecall_X509_get_cert_key_algor_algorithm
17 Enter ecall_BN_to_ASN1_INTEGER
48 Enter ecall_EVP_MD_CTX_destroy
16 Enter ecall_SSL_CTX_ctrl
10 Enter ecall_start_sgx_thread
21 Enter ecall_X509_set_notBefore
13 Enter ecall_SSL_free
3 Enter ecall_SSL_state
101 Enter ecall_X509_get_ext_by_NID
20 Enter ecall_SSL_CTX_set_default_verify_paths
22 Enter ecall_X509_set_subject_name
12 Enter ecall_SSL_set_cipher_list
14 Enter ecall_SSL_CTX_use_PrivateKey_file
14 Enter ecall_SSL_get_certificate
29 Enter ecall_SSL_CTX_set_tmp_dh_callback
10 Enter ecall_PEM_read_bio_PrivateKey
40 Enter ecall_X509_set_pubkey
9 Enter ecall_X509_NAME_get_entry
12 Enter ecall_PEM_ASN1_write
12 Enter ecall_SSL_set_fd
15 Enter ecall_X509_set_issuer_name
10 Enter ecall_SSL_CTX_set_alpn_select_cb
10 Enter ecall_X509_NAME_ENTRY_free
7 Enter ecall_SSL_get_privatekey
12 Enter ecall_OPENSSL_config
15 Enter ecall_ERR_error_string_n
17 Enter ecall_SSL_accept
18 Enter ecall_SSL_get_verify_result
66 Enter ecall_SSL_get_current_cipher
5 Enter ecall_X509_get_algorithm
10 Enter ecall_MD5_Final
11 Enter ecall_PEM_read_bio_X509_AUX
19 Enter ecall_SSL_pending
7 Enter ecall_X509_digest
12 Enter ecall_sk_value
4 Enter ecall_SSL_set_SSL_CTX
14 Enter ecall_X509_free
15 Enter ecall_SSL_use_certificate
7 Enter ecall_SSL_do_handshake
9 Enter ecall_X509_get_ex_data
9 Enter ecall_i2d_SSL_SESSION
10 Enter ecall_SSL_get_ciphers
4 Enter ecall_SSL_set_info_callback
7 Enter ecall_SSL_set_bio
3 Enter ecall_PEM_read_bio_ECPKParameters
7 Enter ecall_SSL_set_verify_result

36522 Try fuzz_ecall_ERR_clear_error
147481 Try fuzz_ecall_SSL_CTX_get_client_CA_list
2305 Try fuzz_ecall_SSLeay_version
63295 Try fuzz_ecall_SSL_CTX_set_info_callback
11107 Try fuzz_ecall_BN_is_bit_set
10847 Try fuzz_ecall_SSL_CIPHER_get_name
11205 Try fuzz_ecall_SSL_CTX_sess_set_get_cb
16780 Try fuzz_ecall_CRYPTO_set_dynlock_create_callback
16572 Try fuzz_ecall_SSLv23_client_method
15665 Try fuzz_ecall_SSL_CTX_set_default_passwd_cb
6491 Try fuzz_ecall_SSL_CTX_free
32642 Try fuzz_ecall_ENGINE_load_builtin_engines
50320 Try fuzz_ecall_d2i_SSL_SESSION
28424 Try fuzz_ecall_EVP_PKEY_free
53656 Try fuzz_ecall_X509_check_private_key
37148 Try fuzz_ecall_X509_NAME_delete_entry
187751 Try fuzz_ecall_X509_set_version
5165 Try fuzz_ecall_ssl3_get_cipher_name_by_char
4178 Try fuzz_ecall_sk_pop_free
4158 Try fuzz_ecall_X509_get_ext_d2i
14788 Try fuzz_ecall_EC_KEY_free
249701 Try fuzz_ecall_SSL_CTX_get_ex_new_index
211621 Try fuzz_ecall_SSL_CTX_sess_set_remove_cb
1377 Try fuzz_ecall_BN_clear_bit
2333 Try fuzz_ecall_ERR_free_strings
76114 Try fuzz_ecall_SSL_CTX_get_verify_callback
19646 Try fuzz_ecall_SSL_CTX_check_private_key
16730 Try fuzz_ecall_X509_get_ex_new_index
16417 Try fuzz_ecall_CONF_modules_unload
53627 Try fuzz_ecall_OBJ_txt2nid
32439 Try fuzz_ecall_X509_get_ext
55983 Try fuzz_ecall_BN_bin2bn
1595 Try fuzz_ecall_SSL_CTX_set_verify
8296 Try fuzz_ecall_SSL_CTX_use_PrivateKey
31086 Try fuzz_ecall_SSL_get_error
20768 Try fuzz_ecall_X509_set_ex_data
21135 Try fuzz_ecall_EVP_PKEY_type
6271 Try fuzz_ecall_X509_sign
22677 Try fuzz_ecall_EVP_DigestFinal_ex
37445 Try fuzz_ecall_BASIC_CONSTRAINTS_free
26370 Try fuzz_ecall_X509_NAME_get_text_by_NID
19822 Try fuzz_ecall_SSL_write
21718 Try fuzz_ecall_ERR_load_crypto_strings
11987 Try fuzz_ecall_BIO_free
5236 Try fuzz_ecall_SSL_load_error_strings
6147 Try fuzz_ecall_X509_get_notAfter
3527 Try fuzz_ecall_X509_set_notAfter
2439 Try fuzz_ecall_EVP_cleanup
16650 Try fuzz_ecall_DH_free
31399 Try fuzz_ecall_SSL_CTX_set_session_id_context
13006 Try fuzz_ecall_CRYPTO_add_lock
11043 Try fuzz_ecall_CRYPTO_set_locking_callback
11733 Try fuzz_ecall_X509_get_subject_name
11254 Try fuzz_ecall_X509_NAME_oneline
29695 Try fuzz_ecall_EC_KEY_new_by_curve_name
20926 Try fuzz_ecall_SSL_state_string_long
2698 Try fuzz_ecall_SSL_CTX_set_timeout
856 Try fuzz_ecall_PEM_read_bio_X509
846 Try fuzz_ecall_EVP_MD_type
760 Try fuzz_ecall_sk_new_null
903 Try fuzz_ecall_EVP_DigestInit_ex
865 Try fuzz_ecall_SSL_CTX_get_ex_data
17573 Try fuzz_ecall_OBJ_obj2nid
1415 Try fuzz_ecall_OBJ_sn2nid
4990 Try fuzz_ecall_BIO_new_file
2754 Try fuzz_ecall_X509_pubkey_digest
1686 Try fuzz_ecall_EVP_PKEY_bits
2665 Try fuzz_ecall_X509_NAME_ENTRY_get_data
1881 Try fuzz_ecall_OBJ_create
4761 Try fuzz_ecall_X509_new
1430 Try fuzz_ecall_BN_set_word
1407 Try fuzz_ecall_SSLv23_server_method
3086 Try fuzz_ecall_EVP_MD_CTX_create
1061 Try fuzz_ecall_ERR_remove_state
879 Try fuzz_ecall_SSL_CTX_set_next_protos_advertised_cb
9 Try fuzz_ecall_SSL_get_servername
2670 Try fuzz_ecall_ERR_peek_last_error
1026 Try fuzz_ecall_ASN1_INTEGER_to_BN
2034 Try fuzz_ecall_BN_new
857 Try fuzz_ecall_SSL_library_init
3823 Try fuzz_ecall_OPENSSL_add_all_algorithms_noconf
786 Try fuzz_ecall_tls_processing_module_init
791 Try fuzz_ecall_SSL_CTX_set_verify_depth
866 Try fuzz_ecall_ERR_peek_error
3037 Try fuzz_ecall_DH_new
896 Try fuzz_ecall_SSL_CTX_set_cipher_list
878 Try fuzz_ecall_SSL_CTX_set_cert_verify_callback
873 Try fuzz_ecall_MD5_Init
1692 Try fuzz_ecall_CRYPTO_set_dynlock_destroy_callback
1056 Try fuzz_ecall_SSL_CTX_set_ex_data
2333 Try fuzz_ecall_BIO_ctrl
672 Try fuzz_ecall_SSL_get_ex_new_index
1490 Try fuzz_ecall_X509_NAME_get_index_by_NID
1724 Try fuzz_ecall_SSL_CTX_get_verify_mode
16 Try fuzz_ecall_SSL_get_wbio
949 Try fuzz_ecall_BIO_new
839 Try fuzz_ecall_SSL_CTX_set_next_proto_select_cb
2734 Try fuzz_ecall_OPENSSL_load_builtin_modules
2609 Try fuzz_ecall_ERR_peek_error_line_data
12 Try fuzz_ecall_SSL_CTX_use_certificate
18 Try fuzz_ecall_SSL_ctrl
737 Try fuzz_ecall_X509_get_serialNumber
989 Try fuzz_ecall_CRYPTO_set_id_callback
2796 Try fuzz_ecall_ERR_get_error
9 Try fuzz_ecall_SSL_CTX_use_certificate_file
1327 Try fuzz_ecall_SSL_CTX_get_cert_store
721 Try fuzz_ecall_PEM_read_bio_DHparams
842 Try fuzz_ecall_SSL_get_version_as_int
15 Try fuzz_ecall_ENGINE_get_name
138 Try fuzz_ecall_X509_BC_get_pathlen
929 Try fuzz_ecall_BIO_s_file
29 Try fuzz_ecall_EVP_DigestUpdate
880 Try fuzz_ecall_SSL_SESSION_get_id
426 Try fuzz_ecall_SSL_CTX_sess_set_new_cb
51 Try fuzz_ecall_BN_is_zero
17 Try fuzz_ecall_SSL_set_connect_state
8 Try fuzz_ecall_SSL_set_shutdown
870 Try fuzz_ecall_ENGINE_get_id
240 Try fuzz_ecall_X509_NAME_add_entry_by_NID
24 Try fuzz_ecall_EC_GROUP_free
1122 Try fuzz_ecall_SSL_CTX_get_timeout
10 Try fuzz_ecall_SSL_set_accept_state
21 Try fuzz_ecall_X509_add_ext
1024 Try fuzz_ecall_X509_get_notBefore
18 Try fuzz_ecall_X509_check_issued
4 Try fuzz_ecall_SSL_set_verify
18 Try fuzz_ecall_SSL_connect
10 Try fuzz_ecall_SSL_CTX_callback_ctrl
15 Try fuzz_ecall_ERR_error_string
49 Try fuzz_ecall_BN_num_bits
18 Try fuzz_ecall_SSL_CTX_set_tmp_rsa_callback
26 Try fuzz_ecall_BIO_int_ctrl
4 Try fuzz_ecall_OBJ_nid2sn
79 Try fuzz_ecall_SSL_set_quiet_shutdown
59 Try fuzz_ecall_SSL_read
54 Try fuzz_ecall_BN_dup
11 Try fuzz_ecall_SSL_SESSION_set_timeout
15 Try fuzz_ecall_SSL_get_SSL_CTX
18 Try fuzz_ecall_SSL_CIPHER_description
24 Try fuzz_ecall_SSL_use_PrivateKey
1042 Try fuzz_ecall_CRYPTO_set_dynlock_lock_callback
1198 Try fuzz_ecall_SSLv23_method
24 Try fuzz_ecall_MD5_Update
12 Try fuzz_ecall_SSL_get_shutdown
8 Try fuzz_ecall_EVP_sha1
10 Try fuzz_ecall_SSL_CTX_use_certificate_chain_file
11 Try fuzz_ecall_SSL_shutdown
108 Try fuzz_ecall_GENERAL_NAME_free
9 Try fuzz_ecall_SSL_get_verify_mode
14 Try fuzz_ecall_SSL_set_session_id_context
11 Try fuzz_ecall_SSL_CTX_new
10 Try fuzz_ecall_SSL_set_alpn_protos
22 Try fuzz_ecall_X509_alias_get0
44 Try fuzz_ecall_BN_dec2bn
9 Try fuzz_ecall_BN_free
16 Try fuzz_ecall_sk_num
10 Try fuzz_ecall_SSL_select_next_proto
17 Try fuzz_ecall_SSL_get_rbio
18 Try fuzz_ecall_SSL_get_peer_certificate
9 Try fuzz_ecall_SSL_new
15 Try fuzz_ecall_EVP_get_digestbyname
7 Try fuzz_ecall_X509_get_cert_key_algor_algorithm
17 Try fuzz_ecall_BN_to_ASN1_INTEGER
48 Try fuzz_ecall_EVP_MD_CTX_destroy
16 Try fuzz_ecall_SSL_CTX_ctrl
10 Try fuzz_ecall_start_sgx_thread
21 Try fuzz_ecall_X509_set_notBefore
13 Try fuzz_ecall_SSL_free
3 Try fuzz_ecall_SSL_state
101 Try fuzz_ecall_X509_get_ext_by_NID
20 Try fuzz_ecall_SSL_CTX_set_default_verify_paths
22 Try fuzz_ecall_X509_set_subject_name
12 Try fuzz_ecall_SSL_set_cipher_list
14 Try fuzz_ecall_SSL_CTX_use_PrivateKey_file
14 Try fuzz_ecall_SSL_get_certificate
29 Try fuzz_ecall_SSL_CTX_set_tmp_dh_callback
10 Try fuzz_ecall_PEM_read_bio_PrivateKey
40 Try fuzz_ecall_X509_set_pubkey
9 Try fuzz_ecall_X509_NAME_get_entry
12 Try fuzz_ecall_PEM_ASN1_write
12 Try fuzz_ecall_SSL_set_fd
15 Try fuzz_ecall_X509_set_issuer_name
10 Try fuzz_ecall_SSL_CTX_set_alpn_select_cb
10 Try fuzz_ecall_X509_NAME_ENTRY_free
7 Try fuzz_ecall_SSL_get_privatekey
12 Try fuzz_ecall_OPENSSL_config
15 Try fuzz_ecall_ERR_error_string_n
17 Try fuzz_ecall_SSL_accept
18 Try fuzz_ecall_SSL_get_verify_result
66 Try fuzz_ecall_SSL_get_current_cipher
5 Try fuzz_ecall_X509_get_algorithm
10 Try fuzz_ecall_MD5_Final
11 Try fuzz_ecall_PEM_read_bio_X509_AUX
19 Try fuzz_ecall_SSL_pending
7 Try fuzz_ecall_X509_digest
12 Try fuzz_ecall_sk_value
4 Try fuzz_ecall_SSL_set_SSL_CTX
14 Try fuzz_ecall_X509_free
15 Try fuzz_ecall_SSL_use_certificate
7 Try fuzz_ecall_SSL_do_handshake
9 Try fuzz_ecall_X509_get_ex_data
9 Try fuzz_ecall_i2d_SSL_SESSION
10 Try fuzz_ecall_SSL_get_ciphers
4 Try fuzz_ecall_SSL_set_info_callback
7 Try fuzz_ecall_SSL_set_bio
3 Try fuzz_ecall_PEM_read_bio_ECPKParameters
7 Try fuzz_ecall_SSL_set_verify_result